#
# There is insufficient memory for the Java Runtime Environment to continue.
# Native memory allocation (mmap) failed to map 268435456 bytes for Failed to commit area from 0x0000000701a00000 to 0x0000000711a00000 of length 268435456.
# Possible reasons:
#   The system is out of physical RAM or swap space
#   The process is running with CompressedOops enabled, and the Java Heap may be blocking the growth of the native heap
# Possible solutions:
#   Reduce memory load on the system
#   Increase physical memory or swap space
#   Check if swap backing store is full
#   Decrease Java heap size (-Xmx/-Xms)
#   Decrease number of Java threads
#   Decrease Java thread stack sizes (-Xss)
#   Set larger code cache with -XX:ReservedCodeCacheSize=
# This output file may be truncated or incomplete.
#
#  Out of Memory Error (t:/workspace/open/src/hotspot/os/windows/os_windows.cpp:3301), pid=3644, tid=12424
#
# JRE version:  (13.0.2+8) (build )
# Java VM: Java HotSpot(TM) 64-Bit Server VM (13.0.2+8, mixed mode, aot, sharing, tiered, compressed oops, g1 gc, windows-amd64)
# No core dump will be written. Minidumps are not enabled by default on client versions of Windows
#

---------------  S U M M A R Y ------------

Command Line: -Dfile.encoding=Cp1252 com.Bean.Beans.Window.mainGame

Host: Intel(R) Core(TM) i7-4790 CPU @ 3.60GHz, 8 cores, 15G,  Windows 10 , 64 bit Build 18362 (10.0.18362.778)
Time: Tue Apr 28 18:06:31 2020 Central Daylight Time elapsed time: 0 seconds (0d 0h 0m 0s)

---------------  T H R E A D  ---------------

Current thread (0x000001d9284af800):  JavaThread "Unknown thread" [_thread_in_vm, id=12424, stack(0x00000009cdc00000,0x00000009cdd00000)]

Stack: [0x00000009cdc00000,0x00000009cdd00000]
Native frames: (J=compiled Java code, j=interpreted, Vv=VM code, C=native code)
V  [jvm.dll+0x624f9a]
V  [jvm.dll+0x770cfa]
V  [jvm.dll+0x7724af]
V  [jvm.dll+0x772ab3]
V  [jvm.dll+0x24bf08]
V  [jvm.dll+0x6222aa]
V  [jvm.dll+0x6170b5]
V  [jvm.dll+0x30a88c]
V  [jvm.dll+0x30a6c2]
V  [jvm.dll+0x30fe36]
V  [jvm.dll+0x353f46]
V  [jvm.dll+0x353720]
V  [jvm.dll+0x2e550a]
V  [jvm.dll+0x2e67a2]
V  [jvm.dll+0x74dd78]
V  [jvm.dll+0x361989]
V  [jvm.dll+0x730e65]
V  [jvm.dll+0x3cc53f]
V  [jvm.dll+0x3ce861]
C  [jli.dll+0x51ff]
C  [ucrtbase.dll+0x20e72]
C  [KERNEL32.DLL+0x17bd4]
C  [ntdll.dll+0x6ce51]


---------------  P R O C E S S  ---------------

Threads class SMR info:
_java_thread_list=0x00007fff16e8ccb8, length=0, elements={
}

Java Threads: ( => current thread )

Other Threads:
  0x000001d928518800 GCTaskThread "GC Thread#0" [stack: 0x00000009cdd00000,0x00000009cde00000] [id=10204]
  0x000001d92853b800 ConcurrentGCThread "G1 Main Marker" [stack: 0x00000009cde00000,0x00000009cdf00000] [id=13452]
  0x000001d928541000 ConcurrentGCThread "G1 Conc#0" [stack: 0x00000009cdf00000,0x00000009ce000000] [id=10156]

[error occurred during error reporting (printing all threads), id 0xc0000005, EXCEPTION_ACCESS_VIOLATION (0xc0000005) at pc=0x00007fff166c51d7]

VM state:not at safepoint (not fully initialized)

VM Mutex/Monitor currently owned by a thread:  ([mutex/lock_event])
[0x000001d9284ab590] Heap_lock - owner thread: 0x000001d9284af800

Heap address: 0x0000000701a00000, size: 4070 MB, Compressed Oops mode: Non-zero based: 0x0000000701a00000
Narrow klass base: 0x0000000000000000, Narrow klass shift: 0

GC Heap History (0 events):
No events

Deoptimization events (0 events):
No events

Classes unloaded (0 events):
No events

Classes redefined (0 events):
No events

Internal exceptions (0 events):
No events

Events (8 events):
Event: 0.011 Loaded shared library C:\Program Files\Java\jdk-13.0.2\bin\zip.dll
Event: 0.012 Loaded shared library C:\Program Files\Java\jdk-13.0.2\bin\jimage.dll
Event: 0.014 Loading shared library C:\Program Files\Java\jdk-13.0.2\lib\libjava.base-coop.dll failed, error code 126
Event: 0.015 Loading shared library C:\Program Files\Java\jdk-13.0.2\lib\libjava.logging-coop.dll failed, error code 126
Event: 0.015 Loading shared library C:\Program Files\Java\jdk-13.0.2\lib\libjdk.compiler-coop.dll failed, error code 126
Event: 0.015 Loading shared library C:\Program Files\Java\jdk-13.0.2\lib\libjdk.scripting.nashorn-coop.dll failed, error code 126
Event: 0.015 Loading shared library C:\Program Files\Java\jdk-13.0.2\lib\libjdk.internal.vm.ci-coop.dll failed, error code 126
Event: 0.015 Loading shared library C:\Program Files\Java\jdk-13.0.2\lib\libjdk.internal.vm.compiler-coop.dll failed, error code 126


Dynamic libraries:
0x00007ff79bbe0000 - 0x00007ff79bbef000 	C:\Program Files\Java\jdk-13.0.2\bin\javaw.exe
0x00007fff5fbc0000 - 0x00007fff5fdb0000 	C:\Windows\SYSTEM32\ntdll.dll
0x00007fff26640000 - 0x00007fff26653000 	C:\Program Files\AVAST Software\Avast\aswhook.dll
0x00007fff5f600000 - 0x00007fff5f6b2000 	C:\Windows\System32\KERNEL32.DLL
0x00007fff5d910000 - 0x00007fff5dbb3000 	C:\Windows\System32\KERNELBASE.dll
0x00007fff5d770000 - 0x00007fff5d86a000 	C:\Windows\System32\ucrtbase.dll
0x00007fff535d0000 - 0x00007fff535e8000 	C:\Program Files\Java\jdk-13.0.2\bin\jli.dll
0x00007fff5e780000 - 0x00007fff5e823000 	C:\Windows\System32\ADVAPI32.dll
0x00007fff5e6e0000 - 0x00007fff5e77e000 	C:\Windows\System32\msvcrt.dll
0x00007fff5e640000 - 0x00007fff5e6d7000 	C:\Windows\System32\sechost.dll
0x00007fff5f4e0000 - 0x00007fff5f600000 	C:\Windows\System32\RPCRT4.dll
0x00007fff5e0e0000 - 0x00007fff5e274000 	C:\Windows\System32\USER32.dll
0x00007fff5d740000 - 0x00007fff5d761000 	C:\Windows\System32\win32u.dll
0x00007fff5e610000 - 0x00007fff5e636000 	C:\Windows\System32\GDI32.dll
0x00007fff5cbf0000 - 0x00007fff5cd84000 	C:\Windows\System32\gdi32full.dll
0x00007fff5cb50000 - 0x00007fff5cbee000 	C:\Windows\System32\msvcp_win.dll
0x00007fff52180000 - 0x00007fff52195000 	C:\Program Files\Java\jdk-13.0.2\bin\VCRUNTIME140.dll
0x00007fff4c720000 - 0x00007fff4c9a5000 	C:\Windows\WinSxS\amd64_microsoft.windows.common-controls_6595b64144ccf1df_6.0.18362.778_none_e6c6b761130d4fb8\COMCTL32.dll
0x00007fff5e830000 - 0x00007fff5eb66000 	C:\Windows\System32\combase.dll
0x00007fff5d6c0000 - 0x00007fff5d740000 	C:\Windows\System32\bcryptPrimitives.dll
0x00007fff57060000 - 0x00007fff5706a000 	C:\Windows\SYSTEM32\VERSION.dll
0x00007fff5e2f0000 - 0x00007fff5e31e000 	C:\Windows\System32\IMM32.DLL
0x00007fff371d0000 - 0x00007fff3726b000 	C:\Program Files\Java\jdk-13.0.2\bin\msvcp140.dll
0x00007fff163d0000 - 0x00007fff16f2d000 	C:\Program Files\Java\jdk-13.0.2\bin\server\jvm.dll
0x00007fff5f770000 - 0x00007fff5f778000 	C:\Windows\System32\PSAPI.DLL
0x00007fff4f880000 - 0x00007fff4f889000 	C:\Windows\SYSTEM32\WSOCK32.dll
0x00007fff5f470000 - 0x00007fff5f4df000 	C:\Windows\System32\WS2_32.dll
0x00007fff5a5a0000 - 0x00007fff5a5c4000 	C:\Windows\SYSTEM32\WINMM.dll
0x00007fff5a570000 - 0x00007fff5a59d000 	C:\Windows\SYSTEM32\WINMMBASE.dll
0x00007fff5d8a0000 - 0x00007fff5d8ea000 	C:\Windows\System32\cfgmgr32.dll
0x00007fff5ca90000 - 0x00007fff5caa1000 	C:\Windows\System32\kernel.appcore.dll
0x00007fff59580000 - 0x00007fff59590000 	C:\Program Files\Java\jdk-13.0.2\bin\verify.dll
0x00007fff556a0000 - 0x00007fff55894000 	C:\Windows\SYSTEM32\DBGHELP.DLL
0x00007fff563d0000 - 0x00007fff563fa000 	C:\Windows\SYSTEM32\dbgcore.DLL
0x00007fff59040000 - 0x00007fff59066000 	C:\Program Files\Java\jdk-13.0.2\bin\java.dll
0x00007fff534f0000 - 0x00007fff53507000 	C:\Program Files\Java\jdk-13.0.2\bin\zip.dll
0x00007fff59300000 - 0x00007fff5930a000 	C:\Program Files\Java\jdk-13.0.2\bin\jimage.dll

dbghelp: loaded successfully - version: 4.0.5 - missing functions: none
symbol engine: initialized successfully - sym options: 0x614 - pdb path: .;C:\Program Files\Java\jdk-13.0.2\bin;C:\Windows\SYSTEM32;C:\Program Files\AVAST Software\Avast;C:\Windows\WinSxS\amd64_microsoft.windows.common-controls_6595b64144ccf1df_6.0.18362.778_none_e6c6b761130d4fb8;C:\Program Files\Java\jdk-13.0.2\bin\server

VM Arguments:
jvm_args: -Dfile.encoding=Cp1252 
java_command: com.Bean.Beans.Window.mainGame
java_class_path (initial): C:\Users\Abdirahman\git\One-level-game\One-level-game\Beans\bin;C:\Users\Abdirahman\git\One-level-game\One-level-game\Beans\RES
Launcher Type: SUN_STANDARD

[Global flags]
     intx CICompilerCount                          = 4                                         {product} {ergonomic}
     uint ConcGCThreads                            = 2                                         {product} {ergonomic}
     uint G1ConcRefinementThreads                  = 8                                         {product} {ergonomic}
   size_t G1HeapRegionSize                         = 1048576                                   {product} {ergonomic}
    uintx GCDrainStackTargetSize                   = 64                                        {product} {ergonomic}
   size_t InitialHeapSize                          = 268435456                                 {product} {ergonomic}
   size_t MarkStackSize                            = 4194304                                   {product} {ergonomic}
   size_t MaxHeapSize                              = 4267704320                                {product} {ergonomic}
   size_t MinHeapDeltaBytes                        = 1048576                                   {product} {ergonomic}
   size_t MinHeapSize                              = 8388608                                   {product} {ergonomic}
    uintx NonNMethodCodeHeapSize                   = 5839372                                {pd product} {ergonomic}
    uintx NonProfiledCodeHeapSize                  = 122909434                              {pd product} {ergonomic}
    uintx ProfiledCodeHeapSize                     = 122909434                              {pd product} {ergonomic}
    uintx ReservedCodeCacheSize                    = 251658240                              {pd product} {ergonomic}
     bool SegmentedCodeCache                       = true                                      {product} {ergonomic}
   size_t SoftMaxHeapSize                          = 4267704320                             {manageable} {ergonomic}
     bool UseCompressedClassPointers               = true                                 {lp64_product} {ergonomic}
     bool UseCompressedOops                        = true                                 {lp64_product} {ergonomic}
     bool UseG1GC                                  = true                                      {product} {ergonomic}
     bool UseLargePagesIndividualAllocation        = false                                  {pd product} {ergonomic}

Logging:
Log output configuration:
 #0: stdout all=warning uptime,level,tags
 #1: stderr all=off uptime,level,tags

Environment Variables:
PATH=C:/Program Files/Java/jdk-13.0.2/bin/server;C:/Program Files/Java/jdk-13.0.2/bin;C:\Windows\system32;C:\Windows;C:\Windows\System32\Wbem;C:\Windows\System32\WindowsPowerShell\v1.0\;C:\Windows\System32\OpenSSH\;C:\Program Files\Java\jdk-13.0.2\bin;C:\Program Files\Git\cmd;C:\Program Files\Git\mingw64\bin;C:\Program Files\Git\usr\bin;C:\Users\Abdirahman\AppData\Local\Microsoft\WindowsApps;;C:\Users\Abdirahman\Desktop;
USERNAME=Abdirahman
OS=Windows_NT
PROCESSOR_IDENTIFIER=Intel64 Family 6 Model 60 Stepping 3, GenuineIntel



---------------  S Y S T E M  ---------------

OS: Windows 10 , 64 bit Build 18362 (10.0.18362.778)

CPU:total 8 (initial active 8) (4 cores per cpu, 2 threads per core) family 6 model 60 stepping 3, cmov, cx8, fxsr, mmx, sse, sse2, sse3, ssse3, sse4.1, sse4.2, popcnt, avx, avx2, aes, clmul, erms, lzcnt, ht, tsc, tscinvbit, bmi1, bmi2, fma

Memory: 4k page, system-wide physical 16274M (3607M free)
TotalPageFile size 46721M (AvailPageFile size 19M)
current process WorkingSet (physical memory assigned to process): 10M, peak: 10M
current process commit charge ("private bytes"): 61M, peak: 317M

vm_info: Java HotSpot(TM) 64-Bit Server VM (13.0.2+8) for windows-amd64 JRE (13.0.2+8), built on Dec 11 2019 09:20:33 by "mach5one" with unknown MS VC++:1916

END.
